<?xml version="1.0" encoding="UTF-8"?>
<robot generator="Robot 6.1.1 (Python 3.11.4 on win32)" generated="20230821 11:56:37.349" rpa="false" schemaversion="4">
<suite id="s1" name="Blogteste" source="C:\Users\novouser\Desktop\QAestudo\blogteste.robot">
<test id="s1-t1" name="Caso de Teste 01: Pesquisar um post" line="6">
<kw name="Acessar a página do blog" library="resourceblog">
<kw name="Open Browser" library="SeleniumLibrary">
<arg>url=${URL}</arg>
<arg>browser=${BROWSER}</arg>
<doc>Opens a new browser instance to the optional ``url``.</doc>
<msg timestamp="20230821 11:56:37.681" level="INFO">Opening browser 'chrome' to base url 'https://robotizandotestes.blogspot.com/'.</msg>
<status status="PASS" starttime="20230821 11:56:37.681" endtime="20230821 11:56:43.629"/>
</kw>
<kw name="Title Should Be" library="SeleniumLibrary">
<arg>Robotizando Testes</arg>
<doc>Verifies that the current page title equals ``title``.</doc>
<msg timestamp="20230821 11:56:43.635" level="INFO">Page title is 'Robotizando Testes'.</msg>
<status status="PASS" starttime="20230821 11:56:43.629" endtime="20230821 11:56:43.635"/>
</kw>
<status status="PASS" starttime="20230821 11:56:37.680" endtime="20230821 11:56:43.635"/>
</kw>
<kw name="Pesquisar por um post &quot;Season Premiere: Introdução ao Robot Framework&quot;" library="resourceblog" sourcename="Pesquisar por um post &quot;${TEXTO_PESQUISAR}&quot;">
<kw name="Wait Until Element Is Visible" library="SeleniumLibrary">
<arg>${BTL_PESQUISAR}</arg>
<doc>Waits until the element ``locator`` is visible.</doc>
<status status="PASS" starttime="20230821 11:56:43.636" endtime="20230821 11:56:43.764"/>
</kw>
<kw name="Click Button" library="SeleniumLibrary">
<arg>${BTL_PESQUISAR}</arg>
<doc>Clicks the button identified by ``locator``.</doc>
<msg timestamp="20230821 11:56:43.765" level="INFO">Clicking button 'css=button.search-expand.touch-icon-button'.</msg>
<status status="PASS" starttime="20230821 11:56:43.764" endtime="20230821 11:56:43.852"/>
</kw>
<kw name="Input Text" library="SeleniumLibrary">
<arg>${INPUT_PESQUISAR}</arg>
<arg>${TEXTO_PESQUISAR}</arg>
<doc>Types the given ``text`` into the text field identified by ``locator``.</doc>
<msg timestamp="20230821 11:56:43.853" level="INFO">Typing text 'Season Premiere: Introdução ao Robot Framework' into text field 'name=q'.</msg>
<status status="PASS" starttime="20230821 11:56:43.852" endtime="20230821 11:56:44.091"/>
</kw>
<kw name="Click Element" library="SeleniumLibrary">
<arg>${SUBMIT_PESQUISAR}</arg>
<doc>Click the element identified by ``locator``.</doc>
<msg timestamp="20230821 11:56:44.093" level="INFO">Clicking element 'css=input.search-action.flat-button'.</msg>
<status status="PASS" starttime="20230821 11:56:44.091" endtime="20230821 11:56:45.780"/>
</kw>
<status status="PASS" starttime="20230821 11:56:43.636" endtime="20230821 11:56:45.780"/>
</kw>
<status status="PASS" starttime="20230821 11:56:37.679" endtime="20230821 11:56:45.786"/>
</test>
<status status="PASS" starttime="20230821 11:56:37.351" endtime="20230821 11:56:45.788"/>
</suite>
<statistics>
<total>
<stat pass="1" fail="0" skip="0">All Tests</stat>
</total>
<tag>
</tag>
<suite>
<stat pass="1" fail="0" skip="0" id="s1" name="Blogteste">Blogteste</stat>
</suite>
</statistics>
<errors>
</errors>
</robot>
